2025-08-07 09:15:28 [ERROR]: Error: Invalid request data
    at new AppError (/Users/Apple/Documents/Projects/khalid/Aug-bing/src/common/middlewares/AppError.ts:10:11)
    at createUser (/Users/Apple/Documents/Projects/khalid/Aug-bing/src/api/v1/users/controller.ts:27:13)
    at Layer.handleRequest (/Users/Apple/Documents/Projects/khalid/Aug-bing/node_modules/router/lib/layer.js:152:17)
    at next (/Users/Apple/Documents/Projects/khalid/Aug-bing/node_modules/router/lib/route.js:157:13)
    at Route.dispatch (/Users/Apple/Documents/Projects/khalid/Aug-bing/node_modules/router/lib/route.js:117:3)
    at handle (/Users/Apple/Documents/Projects/khalid/Aug-bing/node_modules/router/index.js:435:11)
    at Layer.handleRequest (/Users/Apple/Documents/Projects/khalid/Aug-bing/node_modules/router/lib/layer.js:152:17)
    at /Users/Apple/Documents/Projects/khalid/Aug-bing/node_modules/router/index.js:295:15
    at processParams (/Users/Apple/Documents/Projects/khalid/Aug-bing/node_modules/router/index.js:582:12)
    at next (/Users/Apple/Documents/Projects/khalid/Aug-bing/node_modules/router/index.js:291:5)
2025-08-08 09:14:07 [ERROR]: Error: Invalid request data
    at new AppError (/Users/Apple/Documents/Projects/khalid/Aug-bing/src/common/middlewares/AppError.ts:10:11)
    at createUser (/Users/Apple/Documents/Projects/khalid/Aug-bing/src/api/v1/users/controller.ts:27:13)
    at Layer.handleRequest (/Users/Apple/Documents/Projects/khalid/Aug-bing/node_modules/router/lib/layer.js:152:17)
    at next (/Users/Apple/Documents/Projects/khalid/Aug-bing/node_modules/router/lib/route.js:157:13)
    at Route.dispatch (/Users/Apple/Documents/Projects/khalid/Aug-bing/node_modules/router/lib/route.js:117:3)
    at handle (/Users/Apple/Documents/Projects/khalid/Aug-bing/node_modules/router/index.js:435:11)
    at Layer.handleRequest (/Users/Apple/Documents/Projects/khalid/Aug-bing/node_modules/router/lib/layer.js:152:17)
    at /Users/Apple/Documents/Projects/khalid/Aug-bing/node_modules/router/index.js:295:15
    at processParams (/Users/Apple/Documents/Projects/khalid/Aug-bing/node_modules/router/index.js:582:12)
    at next (/Users/Apple/Documents/Projects/khalid/Aug-bing/node_modules/router/index.js:291:5)
2025-08-08 09:59:26 [INFO]: Creating user...
2025-08-08 10:25:24 [ERROR]: PrismaClientKnownRequestError: 
Invalid `prisma.user.create()` invocation in
/Users/Apple/Documents/Projects/khalid/Aug-bing/src/api/v1/users/repository.ts:14:22

  11 }
  12 
  13 export async function createUser(input: CreateUserDto): Promise<User> {
→ 14   return prisma.user.create(
Unique constraint failed on the fields: (`email`)
    at ri.handleRequestError (/Users/Apple/Documents/Projects/khalid/Aug-bing/src/generated/prisma/runtime/library.js:124:7459)
    at ri.handleAndLogRequestError (/Users/Apple/Documents/Projects/khalid/Aug-bing/src/generated/prisma/runtime/library.js:124:6784)
    at ri.request (/Users/Apple/Documents/Projects/khalid/Aug-bing/src/generated/prisma/runtime/library.js:124:6491)
    at async l (/Users/Apple/Documents/Projects/khalid/Aug-bing/src/generated/prisma/runtime/library.js:133:9812)
    at async create (/Users/Apple/Documents/Projects/khalid/Aug-bing/src/api/v1/users/controller.ts:26:18)
2025-08-08 10:35:49 [ERROR]: Error: User with this email already exists
    at new AppError (/Users/Apple/Documents/Projects/khalid/Aug-bing/src/common/middlewares/AppError.ts:10:11)
    at Object.addUser (/Users/Apple/Documents/Projects/khalid/Aug-bing/src/api/v1/users/service.ts:19:11)
    at async create (/Users/Apple/Documents/Projects/khalid/Aug-bing/src/api/v1/users/controller.ts:25:18)
2025-08-08 10:45:19 [ERROR]: Error: User not found
    at new AppError (/Users/Apple/Documents/Projects/khalid/Aug-bing/src/common/middlewares/AppError.ts:10:11)
    at Object.editUser (/Users/Apple/Documents/Projects/khalid/Aug-bing/src/api/v1/users/service.ts:27:11)
    at async update (/Users/Apple/Documents/Projects/khalid/Aug-bing/src/api/v1/users/controller.ts:34:18)
2025-08-08 10:59:35 [ERROR]: Error: User not found
    at new AppError (/Users/Apple/Documents/Projects/khalid/Aug-bing/src/common/middlewares/AppError.ts:10:11)
    at Object.getUser (/Users/Apple/Documents/Projects/khalid/Aug-bing/src/api/v1/users/service.ts:13:11)
    at async get (/Users/Apple/Documents/Projects/khalid/Aug-bing/src/api/v1/users/controller.ts:20:18)
2025-08-08 11:00:00 [ERROR]: Error: User not found
    at new AppError (/Users/Apple/Documents/Projects/khalid/Aug-bing/src/common/middlewares/AppError.ts:10:11)
    at Object.getUser (/Users/Apple/Documents/Projects/khalid/Aug-bing/src/api/v1/users/service.ts:13:11)
    at async get (/Users/Apple/Documents/Projects/khalid/Aug-bing/src/api/v1/users/controller.ts:20:18)
2025-08-08 11:25:40 [INFO]: audit
2025-08-08 11:25:49 [INFO]: audit
2025-08-08 11:25:58 [INFO]: audit
2025-08-08 11:26:01 [INFO]: audit
2025-08-08 11:26:01 [ERROR]: Error: User with this email already exists
    at new AppError (/Users/Apple/Documents/Projects/khalid/Aug-bing/src/common/middlewares/AppError.ts:10:11)
    at Object.addUser (/Users/Apple/Documents/Projects/khalid/Aug-bing/src/api/v1/users/service.ts:21:11)
    at async create (/Users/Apple/Documents/Projects/khalid/Aug-bing/src/api/v1/users/controller.ts:42:18)
2025-08-08 12:15:23 [[32MINFO[39M]: GET /docs 301 154 - 8.078 ms trace=218a89ca-a426-4073-a0c8-33e77a37a761 agent="Mozilla/5.0 (Macintosh; Intel Mac OS X 10_15_7) AppleWebKit/537.36 (KHTML, like Gecko) Chrome/137.0.0.0 Safari/537.36"
2025-08-08 12:15:23 [[32MINFO[39M]: GET /docs/ 200 3047 - 1.353 ms trace=5570f455-b046-4318-91b8-fa7b9b6a139a agent="Mozilla/5.0 (Macintosh; Intel Mac OS X 10_15_7) AppleWebKit/537.36 (KHTML, like Gecko) Chrome/137.0.0.0 Safari/537.36"
2025-08-08 12:15:23 [[32MINFO[39M]: GET /docs/swagger-ui-init.js 200 13786 - 0.894 ms trace=7bcb2d09-baae-4616-a830-84dc5f75e37e agent="Mozilla/5.0 (Macintosh; Intel Mac OS X 10_15_7) AppleWebKit/537.36 (KHTML, like Gecko) Chrome/137.0.0.0 Safari/537.36"
2025-08-08 12:15:23 [[32MINFO[39M]: GET /docs/swagger-ui.css 200 155212 - 6.586 ms trace=e132603c-808a-419f-a144-b9614d96bac4 agent="Mozilla/5.0 (Macintosh; Intel Mac OS X 10_15_7) AppleWebKit/537.36 (KHTML, like Gecko) Chrome/137.0.0.0 Safari/537.36"
2025-08-08 12:15:23 [[32MINFO[39M]: GET /docs/swagger-ui-standalone-preset.js 200 229223 - 12.076 ms trace=3b7d383d-a625-430f-b5f7-a2cdf4a6c99d agent="Mozilla/5.0 (Macintosh; Intel Mac OS X 10_15_7) AppleWebKit/537.36 (KHTML, like Gecko) Chrome/137.0.0.0 Safari/537.36"
2025-08-08 12:15:23 [[32MINFO[39M]: GET /docs/swagger-ui-bundle.js 200 1485855 - 8.987 ms trace=f75b2fa1-b0fb-4ec4-9f66-6dd7d1874f89 agent="Mozilla/5.0 (Macintosh; Intel Mac OS X 10_15_7) AppleWebKit/537.36 (KHTML, like Gecko) Chrome/137.0.0.0 Safari/537.36"
2025-08-08 12:15:23 [[32MINFO[39M]: GET /docs/favicon-32x32.png 200 628 - 0.933 ms trace=037605f2-0a34-48ea-a032-bd25f6855445 agent="Mozilla/5.0 (Macintosh; Intel Mac OS X 10_15_7) AppleWebKit/537.36 (KHTML, like Gecko) Chrome/137.0.0.0 Safari/537.36"
2025-08-08 12:17:45 [[32MINFO[39M]: GET /docs/ 304 - - 9.542 ms trace=494e1d50-4931-40f5-aa05-f0d189fbde1b agent="Mozilla/5.0 (Macintosh; Intel Mac OS X 10_15_7) AppleWebKit/537.36 (KHTML, like Gecko) Chrome/137.0.0.0 Safari/537.36"
2025-08-08 12:17:45 [[32MINFO[39M]: GET /docs/swagger-ui.css 304 - - 3.018 ms trace=d2afbb15-6f88-4f20-9170-15544635054a agent="Mozilla/5.0 (Macintosh; Intel Mac OS X 10_15_7) AppleWebKit/537.36 (KHTML, like Gecko) Chrome/137.0.0.0 Safari/537.36"
2025-08-08 12:17:45 [[32MINFO[39M]: GET /docs/swagger-ui-init.js 200 13451 - 0.622 ms trace=8a501775-aa12-44ce-aac1-ff4c2a4fcf6e agent="Mozilla/5.0 (Macintosh; Intel Mac OS X 10_15_7) AppleWebKit/537.36 (KHTML, like Gecko) Chrome/137.0.0.0 Safari/537.36"
2025-08-08 12:17:45 [[32MINFO[39M]: GET /docs/swagger-ui-bundle.js 304 - - 6.005 ms trace=2c523391-689e-4769-b889-c777b7761a97 agent="Mozilla/5.0 (Macintosh; Intel Mac OS X 10_15_7) AppleWebKit/537.36 (KHTML, like Gecko) Chrome/137.0.0.0 Safari/537.36"
2025-08-08 12:17:45 [[32MINFO[39M]: GET /docs/swagger-ui-standalone-preset.js 304 - - 3.382 ms trace=0ef6ee4e-22a1-4ce3-8b49-3f69c385b7f6 agent="Mozilla/5.0 (Macintosh; Intel Mac OS X 10_15_7) AppleWebKit/537.36 (KHTML, like Gecko) Chrome/137.0.0.0 Safari/537.36"
2025-08-08 12:17:45 [[32MINFO[39M]: GET /docs/favicon-32x32.png 304 - - 13.136 ms trace=eb5af191-4f22-403e-af4b-8a3d1cf09230 agent="Mozilla/5.0 (Macintosh; Intel Mac OS X 10_15_7) AppleWebKit/537.36 (KHTML, like Gecko) Chrome/137.0.0.0 Safari/537.36"
2025-08-08 12:49:22 [[32MINFO[39M]: GET /metrics 200 - - 17.998 ms trace=7c51e68e-e25f-43b4-8906-8cb8df2c1774 agent="PostmanRuntime/7.45.0"
